2019/07/26 14:17:34.416 [D] [etcd.go:28]  initialize etcd Success
2019/07/26 14:17:34.426 [I] [kafka_consumer.go:24]  init kafka success
2019/07/26 14:20:52.955 [D] [etcd.go:28]  initialize etcd Success
2019/07/26 14:20:52.962 [I] [kafka_consumer.go:24]  init kafka success
2019/07/26 14:21:38.675 [D] [etcd.go:28]  initialize etcd Success
2019/07/26 14:21:38.680 [I] [kafka_consumer.go:24]  init kafka success
2019/07/26 14:34:24.632 [D] [etcd.go:28]  initialize etcd Success
2019/07/26 14:34:24.638 [I] [kafka_consumer.go:25]  init kafka success
2019/07/26 14:39:07.339 [D] [etcd.go:28]  initialize etcd Success
2019/07/26 14:39:07.345 [I] [kafka_consumer.go:25]  init kafka success
2019/07/26 14:44:35.143 [D] [etcd.go:28]  initialize etcd Success
2019/07/26 14:44:35.147 [D] [kafka_consumer.go:25]  init kafka success
2019/07/26 14:44:35.152 [D] [elasticsearch.go:24]  init elasticsearch success
2019/07/26 14:44:35.152 [D] [kafka_consumer.go:35]  topics: [nginx_error_log nginx_log test __consumer_offsets]
2019/07/26 14:44:35.152 [D] [kafka_consumer.go:47]  pids: [0]
2019/07/26 14:44:35.154 [D] [kafka_consumer.go:47]  pids: [0]
2019/07/26 14:44:35.658 [D] [kafka_consumer.go:47]  pids: [0 1 2 3 4 5 6 7]
2019/07/26 14:44:39.699 [D] [kafka_consumer.go:47]  pids: [0 1 2 3 4 5 6 7 8 9 10 11 12 13 14 15 16 17 18 19 20 21 22 23 24 25 26 27 28 29 30 31 32 33 34 35 36 37 38 39 40 41 42 43 44 45 46 47 48 49]
2019/07/26 14:50:13.606 [D] [etcd.go:28]  initialize etcd Success
2019/07/26 14:50:13.609 [D] [kafka_consumer.go:25]  init kafka success
2019/07/26 14:50:13.613 [D] [elasticsearch.go:24]  init elasticsearch success
2019/07/26 14:50:13.613 [D] [kafka_consumer.go:35]  topics: [nginx_error_log nginx_log test __consumer_offsets]
2019/07/26 14:50:13.613 [D] [kafka_consumer.go:47]  pids: [0]
2019/07/26 14:50:13.616 [D] [kafka_consumer.go:47]  pids: [0]
2019/07/26 14:50:14.121 [D] [kafka_consumer.go:47]  pids: [0 1 2 3 4 5 6 7]
2019/07/26 14:50:18.161 [D] [kafka_consumer.go:47]  pids: [0 1 2 3 4 5 6 7 8 9 10 11 12 13 14 15 16 17 18 19 20 21 22 23 24 25 26 27 28 29 30 31 32 33 34 35 36 37 38 39 40 41 42 43 44 45 46 47 48 49]
2019/07/26 14:50:42.356 [E] [elasticsearch.go:42]  Index failed: elastic: Error 400 (Bad Request): failed to parse [type=mapper_parsing_exception]
2019/07/26 14:57:47.210 [D] [etcd.go:28]  initialize etcd Success
2019/07/26 14:57:47.215 [D] [kafka_consumer.go:25]  init kafka success
2019/07/26 14:57:47.220 [D] [elasticsearch.go:24]  init elasticsearch success
2019/07/26 14:57:47.220 [D] [kafka_consumer.go:35]  topics: [nginx_error_log nginx_log test __consumer_offsets]
2019/07/26 14:57:47.220 [D] [kafka_consumer.go:47]  pids: [0]
2019/07/26 14:57:47.223 [D] [kafka_consumer.go:47]  pids: [0]
2019/07/26 14:57:47.728 [D] [kafka_consumer.go:47]  pids: [0 1 2 3 4 5 6 7]
2019/07/26 14:57:51.766 [D] [kafka_consumer.go:47]  pids: [0 1 2 3 4 5 6 7 8 9 10 11 12 13 14 15 16 17 18 19 20 21 22 23 24 25 26 27 28 29 30 31 32 33 34 35 36 37 38 39 40 41 42 43 44 45 46 47 48 49]
2019/07/26 14:58:12.738 [E] [elasticsearch.go:47]  Index failed: elastic: Error 400 (Bad Request): Document mapping type name can't start with '_', found: [__consumer_offsets] [type=invalid_type_name_exception]
2019/07/26 14:59:39.614 [D] [etcd.go:28]  initialize etcd Success
2019/07/26 14:59:39.618 [D] [kafka_consumer.go:25]  init kafka success
2019/07/26 14:59:39.622 [D] [elasticsearch.go:24]  init elasticsearch success
2019/07/26 14:59:39.622 [D] [kafka_consumer.go:35]  topics: [nginx_error_log nginx_log test __consumer_offsets]
2019/07/26 14:59:39.622 [D] [kafka_consumer.go:47]  pids: [0]
2019/07/26 14:59:39.625 [D] [kafka_consumer.go:47]  pids: [0]
2019/07/26 14:59:40.130 [D] [kafka_consumer.go:47]  pids: [0 1 2 3 4 5 6 7]
2019/07/26 14:59:44.166 [D] [kafka_consumer.go:47]  pids: [0 1 2 3 4 5 6 7 8 9 10 11 12 13 14 15 16 17 18 19 20 21 22 23 24 25 26 27 28 29 30 31 32 33 34 35 36 37 38 39 40 41 42 43 44 45 46 47 48 49]
2019/07/26 14:59:50.206 [D] [elasticsearch.go:50]  Indexed Tj8ULWwB73blzVIhI-0W to index logs, type logs

2019/07/26 15:03:10.604 [D] [etcd.go:28]  initialize etcd Success
2019/07/26 15:03:10.609 [D] [kafka_consumer.go:25]  init kafka success
2019/07/26 15:03:10.613 [D] [elasticsearch.go:25]  init elasticsearch success
2019/07/26 15:03:10.613 [D] [kafka_consumer.go:35]  topics: [nginx_error_log nginx_log test __consumer_offsets]
2019/07/26 15:03:10.613 [D] [kafka_consumer.go:47]  pids: [0]
2019/07/26 15:03:10.615 [D] [kafka_consumer.go:47]  pids: [0]
2019/07/26 15:03:11.119 [D] [kafka_consumer.go:47]  pids: [0 1 2 3 4 5 6 7]
2019/07/26 15:03:15.164 [D] [kafka_consumer.go:47]  pids: [0 1 2 3 4 5 6 7 8 9 10 11 12 13 14 15 16 17 18 19 20 21 22 23 24 25 26 27 28 29 30 31 32 33 34 35 36 37 38 39 40 41 42 43 44 45 46 47 48 49]
2019/07/26 15:03:21.354 [D] [elasticsearch.go:56]  Indexed Tz8XLWwB73blzVIhW-3- to index logs, type logs

2019/07/26 15:03:21.360 [D] [elasticsearch.go:56]  Indexed UD8XLWwB73blzVIhXO0L to index logs, type logs

2019/07/26 15:03:23.102 [D] [elasticsearch.go:56]  Indexed UT8XLWwB73blzVIhYu3W to index logs, type logs

2019/07/26 15:05:17.844 [D] [etcd.go:28]  initialize etcd Success
2019/07/26 15:05:17.848 [D] [kafka_consumer.go:25]  init kafka success
2019/07/26 15:05:17.852 [D] [elasticsearch.go:24]  init elasticsearch success
2019/07/26 15:05:17.852 [D] [kafka_consumer.go:35]  topics: [nginx_error_log nginx_log test __consumer_offsets]
2019/07/26 15:05:17.852 [D] [kafka_consumer.go:47]  pids: [0]
2019/07/26 15:05:17.854 [D] [kafka_consumer.go:47]  pids: [0]
2019/07/26 15:05:18.358 [D] [kafka_consumer.go:47]  pids: [0 1 2 3 4 5 6 7]
2019/07/26 15:05:22.395 [D] [kafka_consumer.go:47]  pids: [0 1 2 3 4 5 6 7 8 9 10 11 12 13 14 15 16 17 18 19 20 21 22 23 24 25 26 27 28 29 30 31 32 33 34 35 36 37 38 39 40 41 42 43 44 45 46 47 48 49]
2019/07/26 15:05:28.434 [D] [elasticsearch.go:50]  Indexed Uj8ZLWwB73blzVIhTO1K to index logs, type logs

2019/07/26 15:05:28.439 [D] [elasticsearch.go:50]  Indexed Uz8ZLWwB73blzVIhTO1y to index logs, type logs

